<?xml version="1.0" encoding="UTF-8"?>
<robot generator="Robot 4.0.3 (Python 3.9.6 on win32)" generated="20210713 20:58:22.401" rpa="false" schemaversion="2">
<suite id="s1" name="Variaveis" source="C:\Users\imiyashiro\Treinamento\treinamentoSIS-Git\variaveis.robot">
<test id="s1-t1" name="Imprimindo variável do tipo dicionário">
<kw name="Log To Console" library="BuiltIn">
<arg>${DadosPessoais}</arg>
<doc>Logs the given message to the console.</doc>
<status status="PASS" starttime="20210713 20:58:22.437" endtime="20210713 20:58:22.440"/>
</kw>
<kw name="Log To Console" library="BuiltIn">
<arg>${DadosPessoais.Nome}</arg>
<doc>Logs the given message to the console.</doc>
<status status="PASS" starttime="20210713 20:58:22.440" endtime="20210713 20:58:22.441"/>
</kw>
<kw name="Log To Console" library="BuiltIn">
<arg>${DadosPessoais.EstadoCivil}</arg>
<doc>Logs the given message to the console.</doc>
<status status="PASS" starttime="20210713 20:58:22.442" endtime="20210713 20:58:22.444"/>
</kw>
<kw name="Log To Console" library="BuiltIn">
<arg>${DadosPessoais.Sexo}</arg>
<doc>Logs the given message to the console.</doc>
<status status="PASS" starttime="20210713 20:58:22.444" endtime="20210713 20:58:22.446"/>
</kw>
<kw name="Log To Console" library="BuiltIn">
<arg>${DadosPessoais.DataNascimento}</arg>
<doc>Logs the given message to the console.</doc>
<status status="PASS" starttime="20210713 20:58:22.447" endtime="20210713 20:58:22.449"/>
</kw>
<kw name="Log To Console" library="BuiltIn">
<arg>${DadosPessoais.Cidade}</arg>
<doc>Logs the given message to the console.</doc>
<status status="PASS" starttime="20210713 20:58:22.450" endtime="20210713 20:58:22.451"/>
</kw>
<status status="PASS" starttime="20210713 20:58:22.437" endtime="20210713 20:58:22.452"/>
</test>
<test id="s1-t2" name="Imprimindo marca de celular">
<kw name="Log To Console" library="BuiltIn">
<arg>${MarcasCelulares.Marca1}</arg>
<doc>Logs the given message to the console.</doc>
<status status="PASS" starttime="20210713 20:58:22.453" endtime="20210713 20:58:22.454"/>
</kw>
<kw name="Log To Console" library="BuiltIn">
<arg>${MarcasCelulares.Marca2}</arg>
<doc>Logs the given message to the console.</doc>
<status status="PASS" starttime="20210713 20:58:22.454" endtime="20210713 20:58:22.455"/>
</kw>
<status status="PASS" starttime="20210713 20:58:22.453" endtime="20210713 20:58:22.456"/>
</test>
<status status="PASS" starttime="20210713 20:58:22.402" endtime="20210713 20:58:22.460"/>
</suite>
<statistics>
<total>
<stat pass="2" fail="0" skip="0">All Tests</stat>
</total>
<tag>
</tag>
<suite>
<stat pass="2" fail="0" skip="0" id="s1" name="Variaveis">Variaveis</stat>
</suite>
</statistics>
<errors>
</errors>
</robot>
